[17-May-2018 15:18:33 UTC] PHP Warning:  require(/app/public/wp-content/themes/testRafelvendor/autoload.php): failed to open stream: No such file or directory in /app/public/wp-content/themes/testRafel/index.php on line 21
[17-May-2018 15:18:33 UTC] PHP Fatal error:  require(): Failed opening required '/app/public/wp-content/themes/testRafelvendor/autoload.php' (include_path='.:/usr/share/php:/www/wp-content/pear') in /app/public/wp-content/themes/testRafel/index.php on line 21
[17-May-2018 15:20:32 UTC] PHP Warning:  require(/app/public/wp-content/themes/testRafelvendor/autoload.php): failed to open stream: No such file or directory in /app/public/wp-content/themes/testRafel/index.php on line 21
[17-May-2018 15:20:32 UTC] PHP Fatal error:  require(): Failed opening required '/app/public/wp-content/themes/testRafelvendor/autoload.php' (include_path='.:/usr/share/php:/www/wp-content/pear') in /app/public/wp-content/themes/testRafel/index.php on line 21
[17-May-2018 15:20:33 UTC] PHP Warning:  require(/app/public/wp-content/themes/testRafelvendor/autoload.php): failed to open stream: No such file or directory in /app/public/wp-content/themes/testRafel/index.php on line 21
[17-May-2018 15:20:33 UTC] PHP Fatal error:  require(): Failed opening required '/app/public/wp-content/themes/testRafelvendor/autoload.php' (include_path='.:/usr/share/php:/www/wp-content/pear') in /app/public/wp-content/themes/testRafel/index.php on line 21
[01-Jun-2018 20:14:45 UTC] PHP Fatal error:  Uncaught Error: Call to undefined function get_navbar() in /app/public/wp-content/themes/phpPortfolio/index.php:12
Stack trace:
#0 /app/public/wp-includes/template-loader.php(74): include()
#1 /app/public/wp-blog-header.php(19): require_once('/app/public/wp-...')
#2 /app/public/index.php(17): require('/app/public/wp-...')
#3 {main}
  thrown in /app/public/wp-content/themes/phpPortfolio/index.php on line 12
[01-Jun-2018 20:14:45 UTC] PHP Fatal error:  Uncaught Error: Call to undefined function get_navbar() in /app/public/wp-content/themes/phpPortfolio/index.php:12
Stack trace:
#0 /app/public/wp-includes/template-loader.php(74): include()
#1 /app/public/wp-blog-header.php(19): require_once('/app/public/wp-...')
#2 /app/public/index.php(17): require('/app/public/wp-...')
#3 {main}
  thrown in /app/public/wp-content/themes/phpPortfolio/index.php on line 12
[01-Jun-2018 20:14:45 UTC] PHP Fatal error:  Uncaught Error: Call to undefined function get_navbar() in /app/public/wp-content/themes/phpPortfolio/index.php:12
Stack trace:
#0 /app/public/wp-includes/template-loader.php(74): include()
#1 /app/public/wp-blog-header.php(19): require_once('/app/public/wp-...')
#2 /app/public/index.php(17): require('/app/public/wp-...')
#3 {main}
  thrown in /app/public/wp-content/themes/phpPortfolio/index.php on line 12
[01-Jun-2018 20:14:45 UTC] PHP Fatal error:  Uncaught Error: Call to undefined function get_navbar() in /app/public/wp-content/themes/phpPortfolio/index.php:12
Stack trace:
#0 /app/public/wp-includes/template-loader.php(74): include()
#1 /app/public/wp-blog-header.php(19): require_once('/app/public/wp-...')
#2 /app/public/index.php(17): require('/app/public/wp-...')
#3 {main}
  thrown in /app/public/wp-content/themes/phpPortfolio/index.php on line 12
