2018-05-14 07:51:28,245 CRIT Supervisor running as root (no user in config file)
2018-05-14 07:51:28,245 WARN Included extra file "/etc/supervisor/conf.d/supervisord.conf" during parsing
2018-05-14 07:51:28,265 INFO RPC interface 'supervisor' initialized
2018-05-14 07:51:28,265 CRIT Server 'unix_http_server' running without any HTTP authentication checking
2018-05-14 07:51:28,266 INFO supervisord started with pid 1
2018-05-14 07:51:29,269 INFO spawned: 'varnishd' with pid 13
2018-05-14 07:51:29,271 INFO spawned: 'php-fpm' with pid 14
2018-05-14 07:51:29,279 INFO spawned: 'varnish-plugins-watcher' with pid 15
2018-05-14 07:51:29,306 INFO spawned: 'nginx' with pid 16
2018-05-14 07:51:29,330 INFO spawned: 'MailHog' with pid 17
2018-05-14 07:51:29,359 INFO spawned: 'mysql' with pid 20
2018-05-14 07:51:29,407 INFO spawned: 'varnish-themes-watcher' with pid 22
2018-05-14 07:51:30,436 INFO success: varnishd entered RUNNING state, process has stayed up for > than 1 seconds (startsecs)
2018-05-14 07:51:30,436 INFO success: php-fpm entered RUNNING state, process has stayed up for > than 1 seconds (startsecs)
2018-05-14 07:51:30,437 INFO success: varnish-plugins-watcher entered RUNNING state, process has stayed up for > than 1 seconds (startsecs)
2018-05-14 07:51:30,437 INFO success: nginx entered RUNNING state, process has stayed up for > than 1 seconds (startsecs)
2018-05-14 07:51:30,437 INFO success: MailHog entered RUNNING state, process has stayed up for > than 1 seconds (startsecs)
2018-05-14 07:51:30,437 INFO success: mysql entered RUNNING state, process has stayed up for > than 1 seconds (startsecs)
2018-05-14 07:51:30,437 INFO success: varnish-themes-watcher entered RUNNING state, process has stayed up for > than 1 seconds (startsecs)
2018-05-14 08:47:31,436 WARN received SIGTERM indicating exit request
2018-05-14 08:47:31,437 INFO waiting for varnishd, php-fpm, varnish-plugins-watcher, nginx, MailHog, mysql, varnish-themes-watcher to die
2018-05-14 08:47:32,438 INFO stopped: varnish-themes-watcher (terminated by SIGTERM)
2018-05-14 08:47:32,445 INFO stopped: mysql (exit status 0)
2018-05-14 08:47:32,446 INFO stopped: MailHog (terminated by SIGTERM)
2018-05-14 08:47:32,449 INFO stopped: nginx (exit status 0)
2018-05-14 08:47:33,450 INFO stopped: varnish-plugins-watcher (terminated by SIGTERM)
2018-05-14 08:47:33,462 INFO stopped: php-fpm (exit status 0)
2018-05-14 08:47:33,813 CRIT reaped unknown pid 27)
2018-05-14 08:47:34,471 INFO waiting for varnishd to die
2018-05-14 08:47:34,548 INFO stopped: varnishd (exit status 0)
2018-05-17 15:07:43,012 CRIT Supervisor running as root (no user in config file)
2018-05-17 15:07:43,012 WARN Included extra file "/etc/supervisor/conf.d/supervisord.conf" during parsing
2018-05-17 15:07:43,058 INFO RPC interface 'supervisor' initialized
2018-05-17 15:07:43,058 CRIT Server 'unix_http_server' running without any HTTP authentication checking
2018-05-17 15:07:43,059 INFO supervisord started with pid 1
2018-05-17 15:07:44,063 INFO spawned: 'varnishd' with pid 7
2018-05-17 15:07:44,069 INFO spawned: 'php-fpm' with pid 8
2018-05-17 15:07:44,077 INFO spawned: 'varnish-plugins-watcher' with pid 9
2018-05-17 15:07:44,092 INFO spawned: 'nginx' with pid 10
2018-05-17 15:07:44,111 INFO spawned: 'MailHog' with pid 11
2018-05-17 15:07:44,127 INFO spawned: 'mysql' with pid 15
2018-05-17 15:07:44,138 INFO spawned: 'varnish-themes-watcher' with pid 16
2018-05-17 15:07:45,100 INFO success: varnishd entered RUNNING state, process has stayed up for > than 1 seconds (startsecs)
2018-05-17 15:07:45,100 INFO success: php-fpm entered RUNNING state, process has stayed up for > than 1 seconds (startsecs)
2018-05-17 15:07:45,101 INFO success: varnish-plugins-watcher entered RUNNING state, process has stayed up for > than 1 seconds (startsecs)
2018-05-17 15:07:45,101 INFO success: nginx entered RUNNING state, process has stayed up for > than 1 seconds (startsecs)
2018-05-17 15:07:45,101 INFO success: MailHog entered RUNNING state, process has stayed up for > than 1 seconds (startsecs)
2018-05-17 15:07:46,102 INFO success: mysql entered RUNNING state, process has stayed up for > than 1 seconds (startsecs)
2018-05-17 15:07:46,103 INFO success: varnish-themes-watcher entered RUNNING state, process has stayed up for > than 1 seconds (startsecs)
2018-05-17 15:26:09,418 WARN received SIGTERM indicating exit request
2018-05-17 15:26:09,418 INFO waiting for varnishd, php-fpm, varnish-plugins-watcher, nginx, MailHog, mysql, varnish-themes-watcher to die
2018-05-17 15:26:10,420 INFO stopped: varnish-themes-watcher (terminated by SIGTERM)
2018-05-17 15:26:10,430 INFO stopped: mysql (exit status 0)
2018-05-17 15:26:10,430 INFO stopped: MailHog (terminated by SIGTERM)
2018-05-17 15:26:10,433 INFO stopped: nginx (exit status 0)
2018-05-17 15:26:11,436 INFO stopped: varnish-plugins-watcher (terminated by SIGTERM)
2018-05-17 15:26:11,449 INFO stopped: php-fpm (exit status 0)
2018-05-17 15:26:11,697 CRIT reaped unknown pid 21)
2018-05-17 15:26:12,456 INFO waiting for varnishd to die
2018-05-17 15:26:12,594 INFO stopped: varnishd (exit status 0)
2018-06-01 12:32:01,252 CRIT Supervisor running as root (no user in config file)
2018-06-01 12:32:01,252 WARN Included extra file "/etc/supervisor/conf.d/supervisord.conf" during parsing
2018-06-01 12:32:01,315 INFO RPC interface 'supervisor' initialized
2018-06-01 12:32:01,317 CRIT Server 'unix_http_server' running without any HTTP authentication checking
2018-06-01 12:32:01,317 INFO supervisord started with pid 1
2018-06-01 12:32:02,321 INFO spawned: 'varnishd' with pid 24
2018-06-01 12:32:02,326 INFO spawned: 'php-fpm' with pid 25
2018-06-01 12:32:02,328 INFO spawned: 'varnish-plugins-watcher' with pid 26
2018-06-01 12:32:02,332 INFO spawned: 'nginx' with pid 27
2018-06-01 12:32:02,338 INFO spawned: 'MailHog' with pid 28
2018-06-01 12:32:02,346 INFO spawned: 'mysql' with pid 29
2018-06-01 12:32:02,368 INFO spawned: 'varnish-themes-watcher' with pid 30
2018-06-01 12:32:03,714 INFO success: varnishd entered RUNNING state, process has stayed up for > than 1 seconds (startsecs)
2018-06-01 12:32:03,715 INFO success: php-fpm entered RUNNING state, process has stayed up for > than 1 seconds (startsecs)
2018-06-01 12:32:03,715 INFO success: varnish-plugins-watcher entered RUNNING state, process has stayed up for > than 1 seconds (startsecs)
2018-06-01 12:32:03,715 INFO success: nginx entered RUNNING state, process has stayed up for > than 1 seconds (startsecs)
2018-06-01 12:32:03,715 INFO success: MailHog entered RUNNING state, process has stayed up for > than 1 seconds (startsecs)
2018-06-01 12:32:03,715 INFO success: mysql entered RUNNING state, process has stayed up for > than 1 seconds (startsecs)
2018-06-01 12:32:03,715 INFO success: varnish-themes-watcher entered RUNNING state, process has stayed up for > than 1 seconds (startsecs)
2018-06-02 17:35:35,604 WARN received SIGTERM indicating exit request
2018-06-02 17:35:35,605 INFO waiting for varnishd, php-fpm, varnish-plugins-watcher, nginx, MailHog, mysql, varnish-themes-watcher to die
2018-06-02 17:35:36,607 INFO stopped: varnish-themes-watcher (terminated by SIGTERM)
2018-06-02 17:35:36,616 INFO stopped: mysql (exit status 0)
2018-06-02 17:35:36,617 INFO stopped: MailHog (terminated by SIGTERM)
2018-06-02 17:35:36,620 INFO stopped: nginx (exit status 0)
2018-06-02 17:35:37,623 INFO stopped: varnish-plugins-watcher (terminated by SIGTERM)
2018-06-02 17:35:37,637 INFO stopped: php-fpm (exit status 0)
2018-06-02 17:35:38,299 CRIT reaped unknown pid 38)
2018-06-02 17:35:38,645 INFO waiting for varnishd to die
2018-06-02 17:35:38,759 INFO stopped: varnishd (exit status 0)
2018-06-02 17:35:42,815 CRIT Supervisor running as root (no user in config file)
2018-06-02 17:35:42,815 WARN Included extra file "/etc/supervisor/conf.d/supervisord.conf" during parsing
2018-06-02 17:35:42,868 INFO RPC interface 'supervisor' initialized
2018-06-02 17:35:42,874 CRIT Server 'unix_http_server' running without any HTTP authentication checking
2018-06-02 17:35:42,875 INFO supervisord started with pid 1
2018-06-02 17:35:43,881 INFO spawned: 'varnishd' with pid 24
2018-06-02 17:35:43,885 INFO spawned: 'php-fpm' with pid 25
2018-06-02 17:35:43,887 INFO spawned: 'varnish-plugins-watcher' with pid 26
2018-06-02 17:35:43,896 INFO spawned: 'nginx' with pid 27
2018-06-02 17:35:43,903 INFO spawned: 'MailHog' with pid 28
2018-06-02 17:35:43,918 INFO spawned: 'mysql' with pid 31
2018-06-02 17:35:43,931 INFO spawned: 'varnish-themes-watcher' with pid 33
2018-06-02 17:35:45,689 INFO success: varnishd entered RUNNING state, process has stayed up for > than 1 seconds (startsecs)
2018-06-02 17:35:45,690 INFO success: php-fpm entered RUNNING state, process has stayed up for > than 1 seconds (startsecs)
2018-06-02 17:35:45,690 INFO success: varnish-plugins-watcher entered RUNNING state, process has stayed up for > than 1 seconds (startsecs)
2018-06-02 17:35:45,690 INFO success: nginx entered RUNNING state, process has stayed up for > than 1 seconds (startsecs)
2018-06-02 17:35:45,690 INFO success: MailHog entered RUNNING state, process has stayed up for > than 1 seconds (startsecs)
2018-06-02 17:35:45,690 INFO success: mysql entered RUNNING state, process has stayed up for > than 1 seconds (startsecs)
2018-06-02 17:35:45,690 INFO success: varnish-themes-watcher entered RUNNING state, process has stayed up for > than 1 seconds (startsecs)
2018-06-04 18:57:54,259 WARN received SIGTERM indicating exit request
2018-06-04 18:57:54,261 INFO waiting for varnishd, php-fpm, varnish-plugins-watcher, nginx, MailHog, mysql, varnish-themes-watcher to die
2018-06-04 18:57:55,265 INFO stopped: varnish-themes-watcher (terminated by SIGTERM)
2018-06-04 18:57:55,277 INFO stopped: mysql (exit status 0)
2018-06-04 18:57:55,278 INFO stopped: MailHog (terminated by SIGTERM)
2018-06-04 18:57:55,282 INFO stopped: nginx (exit status 0)
2018-06-04 18:57:56,284 INFO stopped: varnish-plugins-watcher (terminated by SIGTERM)
2018-06-04 18:57:56,325 CRIT reaped unknown pid 38)
2018-06-04 18:57:56,329 INFO stopped: php-fpm (exit status 0)
2018-06-04 18:57:57,342 INFO waiting for varnishd to die
2018-06-04 18:57:57,459 INFO stopped: varnishd (exit status 0)
